[2025-11-29 21:38:02] Daemon started (interval: 5s, auto-commit: false, auto-push: false)
[2025-11-29 21:38:02] Error: Non-canonical database name: cc.db
[2025-11-29 21:38:02] Expected: beads.db
[2025-11-29 21:38:02]
[2025-11-29 21:38:02] Run 'bd init' to migrate to canonical name
[2025-11-29 21:39:19] Daemon started (interval: 5s, auto-commit: false, auto-push: false)
[2025-11-29 21:39:19] Error: Non-canonical database name: cc.db
[2025-11-29 21:39:19] Expected: beads.db
[2025-11-29 21:39:19]
[2025-11-29 21:39:19] Run 'bd init' to migrate to canonical name
[2025-11-29 23:09:09] Daemon started (interval: 5s, auto-commit: false, auto-push: false)
[2025-11-29 23:09:09] Error: Non-canonical database name: cc.db
[2025-11-29 23:09:09] Expected: beads.db
[2025-11-29 23:09:09]
[2025-11-29 23:09:09] Run 'bd init' to migrate to canonical name
[2025-11-29 23:09:25] Daemon started (interval: 5s, auto-commit: false, auto-push: false)
[2025-11-29 23:09:25] Error: Non-canonical database name: cc.db
[2025-11-29 23:09:25] Expected: beads.db
[2025-11-29 23:09:25]
[2025-11-29 23:09:25] Run 'bd init' to migrate to canonical name
[2025-11-29 23:09:47] Daemon started (interval: 5s, auto-commit: false, auto-push: false)
[2025-11-29 23:09:47] Error: Non-canonical database name: cc.db
[2025-11-29 23:09:47] Expected: beads.db
[2025-11-29 23:09:47]
[2025-11-29 23:09:47] Run 'bd init' to migrate to canonical name
[2025-11-29 23:10:09] Daemon started (interval: 5s, auto-commit: false, auto-push: false)
[2025-11-29 23:10:09] Error: Non-canonical database name: cc.db
[2025-11-29 23:10:09] Expected: beads.db
[2025-11-29 23:10:09]
[2025-11-29 23:10:09] Run 'bd init' to migrate to canonical name
[2025-11-29 23:10:28] Daemon started (interval: 5s, auto-commit: false, auto-push: false)
[2025-11-29 23:10:28] Error: Non-canonical database name: cc.db
[2025-11-29 23:10:28] Expected: beads.db
[2025-11-29 23:10:28]
[2025-11-29 23:10:28] Run 'bd init' to migrate to canonical name
[2025-11-29 23:10:49] Daemon started (interval: 5s, auto-commit: false, auto-push: false)
[2025-11-29 23:10:49] Error: Non-canonical database name: cc.db
[2025-11-29 23:10:49] Expected: beads.db
[2025-11-29 23:10:49]
[2025-11-29 23:10:49] Run 'bd init' to migrate to canonical name
[2025-11-29 23:11:09] Daemon started (interval: 5s, auto-commit: false, auto-push: false)
[2025-11-29 23:11:09] Error: Non-canonical database name: cc.db
[2025-11-29 23:11:09] Expected: beads.db
[2025-11-29 23:11:09]
[2025-11-29 23:11:09] Run 'bd init' to migrate to canonical name
[2025-11-29 23:11:15] Daemon started (interval: 5s, auto-commit: false, auto-push: false)
[2025-11-29 23:11:15] Error: Non-canonical database name: cc.db
[2025-11-29 23:11:15] Expected: beads.db
[2025-11-29 23:11:15]
[2025-11-29 23:11:15] Run 'bd init' to migrate to canonical name
[2025-11-29 23:11:35] Daemon started (interval: 5s, auto-commit: false, auto-push: false)
[2025-11-29 23:11:35] Error: Non-canonical database name: cc.db
[2025-11-29 23:11:35] Expected: beads.db
[2025-11-29 23:11:35]
[2025-11-29 23:11:35] Run 'bd init' to migrate to canonical name
[2025-11-29 23:11:55] Daemon started (interval: 5s, auto-commit: false, auto-push: false)
[2025-11-29 23:11:55] Error: Non-canonical database name: cc.db
[2025-11-29 23:11:55] Expected: beads.db
[2025-11-29 23:11:55]
[2025-11-29 23:11:55] Run 'bd init' to migrate to canonical name
[2025-11-29 23:12:01] Daemon started (interval: 5s, auto-commit: false, auto-push: false)
[2025-11-29 23:12:01] Error: Non-canonical database name: cc.db
[2025-11-29 23:12:01] Expected: beads.db
[2025-11-29 23:12:01]
[2025-11-29 23:12:01] Run 'bd init' to migrate to canonical name
[2025-11-29 23:12:19] Daemon started (interval: 5s, auto-commit: false, auto-push: false)
[2025-11-29 23:12:19] Error: Non-canonical database name: cc.db
[2025-11-29 23:12:19] Expected: beads.db
[2025-11-29 23:12:19]
[2025-11-29 23:12:19] Run 'bd init' to migrate to canonical name
[2025-11-29 23:12:39] Daemon started (interval: 5s, auto-commit: false, auto-push: false)
[2025-11-29 23:12:39] Error: Non-canonical database name: cc.db
[2025-11-29 23:12:39] Expected: beads.db
[2025-11-29 23:12:39]
[2025-11-29 23:12:39] Run 'bd init' to migrate to canonical name
[2025-11-29 23:13:00] Daemon started (interval: 5s, auto-commit: false, auto-push: false)
[2025-11-29 23:13:00] Error: Non-canonical database name: cc.db
[2025-11-29 23:13:00] Expected: beads.db
[2025-11-29 23:13:00]
[2025-11-29 23:13:00] Run 'bd init' to migrate to canonical name
[2025-11-29 23:13:19] Daemon started (interval: 5s, auto-commit: false, auto-push: false)
[2025-11-29 23:13:19] Error: Non-canonical database name: cc.db
[2025-11-29 23:13:19] Expected: beads.db
[2025-11-29 23:13:19]
[2025-11-29 23:13:19] Run 'bd init' to migrate to canonical name
[2025-11-29 23:21:39] Daemon started (interval: 5s, auto-commit: false, auto-push: false)
[2025-11-29 23:21:39] Error: Non-canonical database name: cc.db
[2025-11-29 23:21:39] Expected: beads.db
[2025-11-29 23:21:39]
[2025-11-29 23:21:39] Run 'bd init' to migrate to canonical name
[2025-11-29 23:22:08] Daemon started (interval: 5s, auto-commit: false, auto-push: false)
[2025-11-29 23:22:08] Error: Non-canonical database name: cc.db
[2025-11-29 23:22:08] Expected: beads.db
[2025-11-29 23:22:08]
[2025-11-29 23:22:08] Run 'bd init' to migrate to canonical name
[2025-11-29 23:28:05] Daemon started (interval: 5s, auto-commit: false, auto-push: false)
[2025-11-29 23:28:05] Error: Non-canonical database name: cc.db
[2025-11-29 23:28:05] Expected: beads.db
[2025-11-29 23:28:05]
[2025-11-29 23:28:05] Run 'bd init' to migrate to canonical name
[2025-11-29 23:29:17] Daemon started (interval: 5s, auto-commit: false, auto-push: false)
[2025-11-29 23:29:17] Error: Non-canonical database name: cc.db
[2025-11-29 23:29:17] Expected: beads.db
[2025-11-29 23:29:17]
[2025-11-29 23:29:17] Run 'bd init' to migrate to canonical name
[2025-11-29 23:33:13] Daemon started (interval: 5s, auto-commit: false, auto-push: false)
[2025-11-29 23:33:13] Error: Non-canonical database name: cc.db
[2025-11-29 23:33:13] Expected: beads.db
[2025-11-29 23:33:13]
[2025-11-29 23:33:13] Run 'bd init' to migrate to canonical name
[2025-11-29 23:33:54] Daemon started (interval: 5s, auto-commit: false, auto-push: false)
[2025-11-29 23:33:54] Error: Non-canonical database name: cc.db
[2025-11-29 23:33:54] Expected: beads.db
[2025-11-29 23:33:54]
[2025-11-29 23:33:54] Run 'bd init' to migrate to canonical name
[2025-11-29 23:35:34] Daemon started (interval: 5s, auto-commit: false, auto-push: false)
[2025-11-29 23:35:34] Error: Non-canonical database name: cc.db
[2025-11-29 23:35:34] Expected: beads.db
[2025-11-29 23:35:34]
[2025-11-29 23:35:34] Run 'bd init' to migrate to canonical name
[2025-11-30 02:24:23] Daemon started (interval: 5s, auto-commit: false, auto-push: false)
[2025-11-30 02:24:23] Error: Non-canonical database name: cc.db
[2025-11-30 02:24:23] Expected: beads.db
[2025-11-30 02:24:23]
[2025-11-30 02:24:23] Run 'bd init' to migrate to canonical name
[2025-11-30 02:25:07] Daemon started (interval: 5s, auto-commit: false, auto-push: false)
[2025-11-30 02:25:07] Error: Non-canonical database name: cc.db
[2025-11-30 02:25:07] Expected: beads.db
[2025-11-30 02:25:07]
[2025-11-30 02:25:07] Run 'bd init' to migrate to canonical name
[2025-11-30 02:25:54] Daemon started (interval: 5s, auto-commit: false, auto-push: false)
[2025-11-30 02:25:54] Error: Non-canonical database name: cc.db
[2025-11-30 02:25:54] Expected: beads.db
[2025-11-30 02:25:54]
[2025-11-30 02:25:54] Run 'bd init' to migrate to canonical name
[2025-11-30 02:25:59] Daemon started (interval: 5s, auto-commit: false, auto-push: false)
[2025-11-30 02:25:59] Error: Non-canonical database name: cc.db
[2025-11-30 02:25:59] Expected: beads.db
[2025-11-30 02:25:59]
[2025-11-30 02:25:59] Run 'bd init' to migrate to canonical name
